
hpeesofsim (*) 450.shp Jan 21 2016, MINT version 4
    (64-bit windows built: 01/21/16 15:34:19)
Copyright 1995 - 2015 Keysight Technologies, 1989-2016.


OPTIM Optim1[1] <2_lib:filter7:schematic>  optIter=(0->10000)

SP Optim1[1].SP1[0] <2_lib:filter7:schematic>  optIter=0  freq=(1.1 GHz->1.8 GHz)
.......................................................................
Iteration/Trial #0:
  CurrentEF: 20.9576340504716
  Optimization variables:
    l1 = 28.4787
    l2 = 28.4787
    l3 = 28.4787
    l4 = 28.4787
    s1 = 1
    s2 = 1
    s3 = 1
    s4 = 1
    w1 = 1.8825
    w2 = 1.8825
    w3 = 1.8825
    w4 = 1.8825

SP Optim1[1].SP1[1] <2_lib:filter7:schematic>  optIter=1  freq=(1.1 GHz->1.8 GHz)
.......................................................................
Iteration/Trial #1:
  CurrentEF: 5.52745863564369
  Optimization variables:
    l1 = 27.5917
    l2 = 28.1495
    l3 = 28.7741
    l4 = 27.97
    s1 = 523.176e-03
    s2 = 1.0646
    s3 = 916.996e-03
    s4 = 929.828e-03
    w1 = 1.26703
    w2 = 2.03854
    w3 = 1.84251
    w4 = 1.8382

SP Optim1[1].SP1[2] <2_lib:filter7:schematic>  optIter=2  freq=(1.1 GHz->1.8 GHz)
.......................................................................
Iteration/Trial #2:
  CurrentEF: 2.70179229076514
  Optimization variables:
    l1 = 29.2838
    l2 = 28.323
    l3 = 28.5177
    l4 = 28.2047
    s1 = 500.268e-03
    s2 = 890.106e-03
    s3 = 892.462e-03
    s4 = 866.716e-03
    w1 = 1.08831
    w2 = 1.99725
    w3 = 1.83786
    w4 = 1.8206

SP Optim1[1].SP1[3] <2_lib:filter7:schematic>  optIter=3  freq=(1.1 GHz->1.8 GHz)
.......................................................................
Iteration/Trial #3:
  CurrentEF: 0.982723404045071
  Optimization variables:
    l1 = 29.0876
    l2 = 27.0908
    l3 = 28.1617
    l4 = 28.7688
    s1 = 508.252e-03
    s2 = 500.84e-03
    s3 = 855.468e-03
    s4 = 682.555e-03
    w1 = 608.611e-03
    w2 = 1.60819
    w3 = 1.89238
    w4 = 1.71453

SP Optim1[1].SP1[4] <2_lib:filter7:schematic>  optIter=4  freq=(1.1 GHz->1.8 GHz)
.......................................................................
Iteration/Trial #4:
  CurrentEF: 0.754544735534517
  Optimization variables:
    l1 = 29.1086
    l2 = 27.1797
    l3 = 28.0969
    l4 = 28.736
    s1 = 519.19e-03
    s2 = 500.401e-03
    s3 = 739.147e-03
    s4 = 680.155e-03
    w1 = 567.236e-03
    w2 = 1.65126
    w3 = 1.77581
    w4 = 1.74204

SP Optim1[1].SP1[5] <2_lib:filter7:schematic>  optIter=5  freq=(1.1 GHz->1.8 GHz)
.......................................................................
Iteration/Trial #5:
  CurrentEF: 0.542298304798612
  Optimization variables:
    l1 = 29.3528
    l2 = 27.4653
    l3 = 27.6854
    l4 = 27.6216
    s1 = 562.526e-03
    s2 = 500.881e-03
    s3 = 581.856e-03
    s4 = 529.635e-03
    w1 = 524.355e-03
    w2 = 1.68155
    w3 = 1.60991
    w4 = 1.3917

SP Optim1[1].SP1[6] <2_lib:filter7:schematic>  optIter=6  freq=(1.1 GHz->1.8 GHz)
.......................................................................
Iteration/Trial #6:
  CurrentEF: 0.514028960446119
  Optimization variables:
    l1 = 29.3093
    l2 = 27.739
    l3 = 27.7984
    l4 = 27.495
    s1 = 563.683e-03
    s2 = 502.088e-03
    s3 = 572.601e-03
    s4 = 518.474e-03
    w1 = 523.431e-03
    w2 = 1.66141
    w3 = 1.57789
    w4 = 1.37197

SP Optim1[1].SP1[7] <2_lib:filter7:schematic>  optIter=7  freq=(1.1 GHz->1.8 GHz)
.......................................................................
Iteration/Trial #7:
  CurrentEF: 0.477045697572424
  Optimization variables:
    l1 = 29.3464
    l2 = 27.7566
    l3 = 28.0121
    l4 = 27.568
    s1 = 553.431e-03
    s2 = 505.797e-03
    s3 = 567.818e-03
    s4 = 506.128e-03
    w1 = 528.355e-03
    w2 = 1.7033
    w3 = 1.47946
    w4 = 1.33707

SP Optim1[1].SP1[8] <2_lib:filter7:schematic>  optIter=8  freq=(1.1 GHz->1.8 GHz)
.......................................................................
Iteration/Trial #8:
  CurrentEF: 0.359538100609411
  Optimization variables:
    l1 = 29.4914
    l2 = 28.1461
    l3 = 28.4998
    l4 = 28.6892
    s1 = 516.937e-03
    s2 = 504.153e-03
    s3 = 520.137e-03
    s4 = 501.854e-03
    w1 = 521.055e-03
    w2 = 1.4899
    w3 = 1.33991
    w4 = 1.05283

SP Optim1[1].SP1[9] <2_lib:filter7:schematic>  optIter=9  freq=(1.1 GHz->1.8 GHz)
.......................................................................
Iteration/Trial #9:
  CurrentEF: 0.302171341709889
  Optimization variables:
    l1 = 29.7097
    l2 = 28.4471
    l3 = 28.5752
    l4 = 29.2969
    s1 = 509.429e-03
    s2 = 500.215e-03
    s3 = 527.771e-03
    s4 = 501.395e-03
    w1 = 502.644e-03
    w2 = 1.33912
    w3 = 1.16676
    w4 = 1.0414

SP Optim1[1].SP1[10] <2_lib:filter7:schematic>  optIter=10  freq=(1.1 GHz->1.8 GHz)
.......................................................................
Iteration/Trial #10:
  CurrentEF: 0.280911855576668
  Optimization variables:
    l1 = 29.5408
    l2 = 28.7347
    l3 = 28.6898
    l4 = 29.8522
    s1 = 500.687e-03
    s2 = 504.412e-03
    s3 = 529.342e-03
    s4 = 508.652e-03
    w1 = 507.782e-03
    w2 = 1.36566
    w3 = 1.17765
    w4 = 1.03926

SP Optim1[1].SP1[11] <2_lib:filter7:schematic>  optIter=11  freq=(1.1 GHz->1.8 GHz)
.......................................................................
Iteration/Trial #11:
  CurrentEF: 0.27697477854567
  Optimization variables:
    l1 = 29.5178
    l2 = 28.812
    l3 = 28.7385
    l4 = 29.8543
    s1 = 500.612e-03
    s2 = 506.854e-03
    s3 = 531.362e-03
    s4 = 509.315e-03
    w1 = 507.154e-03
    w2 = 1.40017
    w3 = 1.208
    w4 = 1.03934

SP Optim1[1].SP1[12] <2_lib:filter7:schematic>  optIter=12  freq=(1.1 GHz->1.8 GHz)
.......................................................................
Iteration/Trial #12:
  CurrentEF: 0.272016306736863
  Optimization variables:
    l1 = 29.5761
    l2 = 28.7438
    l3 = 28.934
    l4 = 29.593
    s1 = 501.249e-03
    s2 = 510.371e-03
    s3 = 531.398e-03
    s4 = 510.801e-03
    w1 = 504.261e-03
    w2 = 1.42003
    w3 = 1.26801
    w4 = 1.08449

SP Optim1[1].SP1[13] <2_lib:filter7:schematic>  optIter=13  freq=(1.1 GHz->1.8 GHz)
.......................................................................
Iteration/Trial #13:
  CurrentEF: 0.267760671739046
  Optimization variables:
    l1 = 29.6587
    l2 = 28.7691
    l3 = 29.1852
    l4 = 29.2799
    s1 = 500.5e-03
    s2 = 520.235e-03
    s3 = 523.162e-03
    s4 = 514.472e-03
    w1 = 500.847e-03
    w2 = 1.37341
    w3 = 1.31424
    w4 = 1.10814

SP Optim1[1].SP1[14] <2_lib:filter7:schematic>  optIter=14  freq=(1.1 GHz->1.8 GHz)
.......................................................................
Iteration/Trial #14:
  CurrentEF: 0.266306084718807
  Optimization variables:
    l1 = 29.6859
    l2 = 28.7622
    l3 = 29.2239
    l4 = 29.0854
    s1 = 500.253e-03
    s2 = 525.871e-03
    s3 = 518.59e-03
    s4 = 515.941e-03
    w1 = 500.255e-03
    w2 = 1.33711
    w3 = 1.3139
    w4 = 1.11283

SP Optim1[1].SP1[15] <2_lib:filter7:schematic>  optIter=15  freq=(1.1 GHz->1.8 GHz)
.......................................................................
Iteration/Trial #15:
  CurrentEF: 0.266247086173619
  Optimization variables:
    l1 = 29.6893
    l2 = 28.7719
    l3 = 29.2371
    l4 = 29.07
    s1 = 500.196e-03
    s2 = 527.069e-03
    s3 = 517.732e-03
    s4 = 516.654e-03
    w1 = 500.175e-03
    w2 = 1.33122
    w3 = 1.312
    w4 = 1.11056

SP Optim1[1].SP1[16] <2_lib:filter7:schematic>  optIter=16  freq=(1.1 GHz->1.8 GHz)
.......................................................................
Iteration/Trial #16:
  CurrentEF: 0.265547975505039
  Optimization variables:
    l1 = 29.6891
    l2 = 28.7815
    l3 = 29.2434
    l4 = 29.0553
    s1 = 500.151e-03
    s2 = 528.298e-03
    s3 = 512.408e-03
    s4 = 517.348e-03
    w1 = 500.136e-03
    w2 = 1.31335
    w3 = 1.30919
    w4 = 1.10767

SP Optim1[1].SP1[17] <2_lib:filter7:schematic>  optIter=17  freq=(1.1 GHz->1.8 GHz)
.......................................................................
Iteration/Trial #17:
  CurrentEF: 0.265520704436881
  Optimization variables:
    l1 = 29.6915
    l2 = 28.7732
    l3 = 29.2422
    l4 = 29.0679
    s1 = 500.179e-03
    s2 = 527.262e-03
    s3 = 512.761e-03
    s4 = 516.848e-03
    w1 = 500.148e-03
    w2 = 1.31451
    w3 = 1.31103
    w4 = 1.10976

SP Optim1[1].SP1[18] <2_lib:filter7:schematic>  optIter=18  freq=(1.1 GHz->1.8 GHz)
.......................................................................
Iteration/Trial #18:
  CurrentEF: 0.264916026564879
  Optimization variables:
    l1 = 29.6909
    l2 = 28.7759
    l3 = 29.2433
    l4 = 29.0653
    s1 = 500.17e-03
    s2 = 527.546e-03
    s3 = 508.35e-03
    s4 = 517.009e-03
    w1 = 500.143e-03
    w2 = 1.31409
    w3 = 1.31049
    w4 = 1.09797

SP Optim1[1].SP1[19] <2_lib:filter7:schematic>  optIter=19  freq=(1.1 GHz->1.8 GHz)
.......................................................................
Iteration/Trial #19:
  CurrentEF: 0.26453613959516
  Optimization variables:
    l1 = 29.6873
    l2 = 28.7856
    l3 = 29.2387
    l4 = 29.0615
    s1 = 500.143e-03
    s2 = 528.211e-03
    s3 = 504.395e-03
    s4 = 517.548e-03
    w1 = 500.128e-03
    w2 = 1.31298
    w3 = 1.30927
    w4 = 1.08708

SP Optim1[1].SP1[20] <2_lib:filter7:schematic>  optIter=20  freq=(1.1 GHz->1.8 GHz)
.......................................................................
Iteration/Trial #20:
  CurrentEF: 0.264466059931585
  Optimization variables:
    l1 = 29.6799
    l2 = 28.8058
    l3 = 29.2283
    l4 = 29.0547
    s1 = 500.098e-03
    s2 = 529.467e-03
    s3 = 504.485e-03
    s4 = 518.507e-03
    w1 = 500.098e-03
    w2 = 1.31054
    w3 = 1.3056
    w4 = 1.08706

SP Optim1[1].SP1[21] <2_lib:filter7:schematic>  optIter=21  freq=(1.1 GHz->1.8 GHz)
.......................................................................
Iteration/Trial #21:
  CurrentEF: 0.264115766709662
  Optimization variables:
    l1 = 29.6835
    l2 = 28.7966
    l3 = 29.2311
    l4 = 29.0611
    s1 = 500.121e-03
    s2 = 528.73e-03
    s3 = 501.28e-03
    s4 = 518.017e-03
    w1 = 500.113e-03
    w2 = 1.31203
    w3 = 1.30667
    w4 = 1.0865

SP Optim1[1].SP1[22] <2_lib:filter7:schematic>  optIter=22  freq=(1.1 GHz->1.8 GHz)
.......................................................................
Iteration/Trial #22:
  CurrentEF: 0.264005889150013
  Optimization variables:
    l1 = 29.6866
    l2 = 28.7884
    l3 = 29.2336
    l4 = 29.0665
    s1 = 500.14e-03
    s2 = 528.125e-03
    s3 = 500.068e-03
    s4 = 517.536e-03
    w1 = 500.128e-03
    w2 = 1.31352
    w3 = 1.30879
    w4 = 1.08671

SP Optim1[1].SP1[23] <2_lib:filter7:schematic>  optIter=23  freq=(1.1 GHz->1.8 GHz)
.......................................................................
Iteration/Trial #23:
  CurrentEF: 0.263985829728506
  Optimization variables:
    l1 = 29.6885
    l2 = 28.7833
    l3 = 29.2347
    l4 = 29.0706
    s1 = 500.153e-03
    s2 = 527.712e-03
    s3 = 500.064e-03
    s4 = 517.153e-03
    w1 = 500.138e-03
    w2 = 1.31456
    w3 = 1.30997
    w4 = 1.08671

SP Optim1[1].SP1[24] <2_lib:filter7:schematic>  optIter=24  freq=(1.1 GHz->1.8 GHz)
.......................................................................
Iteration/Trial #24:
  CurrentEF: 0.263972243784336
  Optimization variables:
    l1 = 29.69
    l2 = 28.7792
    l3 = 29.2351
    l4 = 29.0742
    s1 = 500.164e-03
    s2 = 527.367e-03
    s3 = 500.058e-03
    s4 = 516.801e-03
    w1 = 500.146e-03
    w2 = 1.31547
    w3 = 1.31073
    w4 = 1.08657

SP Optim1[1].SP1[25] <2_lib:filter7:schematic>  optIter=25  freq=(1.1 GHz->1.8 GHz)
.......................................................................
Iteration/Trial #25:
  CurrentEF: 0.26396387830314
  Optimization variables:
    l1 = 29.6917
    l2 = 28.7743
    l3 = 29.2353
    l4 = 29.0785
    s1 = 500.177e-03
    s2 = 526.959e-03
    s3 = 500.049e-03
    s4 = 516.359e-03
    w1 = 500.157e-03
    w2 = 1.31661
    w3 = 1.3115
    w4 = 1.08634

SP Optim1[1].SP1[26] <2_lib:filter7:schematic>  optIter=26  freq=(1.1 GHz->1.8 GHz)
.......................................................................
Iteration/Trial #26:
  CurrentEF: 0.263963216771391
  Optimization variables:
    l1 = 29.6921
    l2 = 28.7733
    l3 = 29.2352
    l4 = 29.0795
    s1 = 500.18e-03
    s2 = 526.875e-03
    s3 = 500.047e-03
    s4 = 516.265e-03
    w1 = 500.159e-03
    w2 = 1.31685
    w3 = 1.31164
    w4 = 1.08628

SP Optim1[1].SP1[27] <2_lib:filter7:schematic>  optIter=27  freq=(1.1 GHz->1.8 GHz)
.......................................................................
Iteration/Trial #27:
  CurrentEF: 0.263962779637006
  Optimization variables:
    l1 = 29.6924
    l2 = 28.7722
    l3 = 29.2352
    l4 = 29.0804
    s1 = 500.183e-03
    s2 = 526.786e-03
    s3 = 500.045e-03
    s4 = 516.161e-03
    w1 = 500.161e-03
    w2 = 1.31711
    w3 = 1.31178
    w4 = 1.08622

SP Optim1[1].SP1[28] <2_lib:filter7:schematic>  optIter=28  freq=(1.1 GHz->1.8 GHz)
.......................................................................
Iteration/Trial #28:
  CurrentEF: 0.26396271254406
  Optimization variables:
    l1 = 29.6926
    l2 = 28.7718
    l3 = 29.2351
    l4 = 29.0808
    s1 = 500.184e-03
    s2 = 526.754e-03
    s3 = 500.044e-03
    s4 = 516.124e-03
    w1 = 500.162e-03
    w2 = 1.31721
    w3 = 1.31183
    w4 = 1.08619

SP Optim1[1].SP1[29] <2_lib:filter7:schematic>  optIter=29  freq=(1.1 GHz->1.8 GHz)
.......................................................................
Iteration/Trial #29:
  CurrentEF: 0.263962695351979
  Optimization variables:
    l1 = 29.6927
    l2 = 28.7714
    l3 = 29.2351
    l4 = 29.0812
    s1 = 500.185e-03
    s2 = 526.721e-03
    s3 = 500.043e-03
    s4 = 516.083e-03
    w1 = 500.163e-03
    w2 = 1.31731
    w3 = 1.31188
    w4 = 1.08617

SP Optim1[1].SP1[30] <2_lib:filter7:schematic>  optIter=30  freq=(1.1 GHz->1.8 GHz)
.......................................................................
Iteration/Trial #30:
  CurrentEF: 0.263962693472828
  Optimization variables:
    l1 = 29.6927
    l2 = 28.7715
    l3 = 29.2351
    l4 = 29.0811
    s1 = 500.185e-03
    s2 = 526.73e-03
    s3 = 500.043e-03
    s4 = 516.094e-03
    w1 = 500.163e-03
    w2 = 1.31729
    w3 = 1.31187
    w4 = 1.08618

SP Optim1[1].SP1[31] <2_lib:filter7:schematic>  optIter=31  freq=(1.1 GHz->1.8 GHz)
.......................................................................
Iteration/Trial #31:
  CurrentEF: 0.263962693421591
  Optimization variables:
    l1 = 29.6927
    l2 = 28.7715
    l3 = 29.2351
    l4 = 29.0811
    s1 = 500.185e-03
    s2 = 526.73e-03
    s3 = 500.043e-03
    s4 = 516.095e-03
    w1 = 500.163e-03
    w2 = 1.31728
    w3 = 1.31187
    w4 = 1.08618

SP Optim1[1].SP1[32] <2_lib:filter7:schematic>  optIter=32  freq=(1.1 GHz->1.8 GHz)
.......................................................................
Iteration/Trial #32:
  CurrentEF: 0.263962689073867
  Optimization variables:
    l1 = 29.6926
    l2 = 28.7717
    l3 = 29.2351
    l4 = 29.081
    s1 = 500.185e-03
    s2 = 526.74e-03
    s3 = 500.043e-03
    s4 = 516.107e-03
    w1 = 500.163e-03
    w2 = 1.31725
    w3 = 1.31185
    w4 = 1.08618

SP Optim1[1].SP1[33] <2_lib:filter7:schematic>  optIter=33  freq=(1.1 GHz->1.8 GHz)
.......................................................................
Iteration/Trial #33:
  CurrentEF: 0.263962687905407
  Optimization variables:
    l1 = 29.6926
    l2 = 28.7718
    l3 = 29.2351
    l4 = 29.0808
    s1 = 500.184e-03
    s2 = 526.749e-03
    s3 = 500.044e-03
    s4 = 516.119e-03
    w1 = 500.162e-03
    w2 = 1.31722
    w3 = 1.31184
    w4 = 1.08619

SP Optim1[1].SP1[34] <2_lib:filter7:schematic>  optIter=34  freq=(1.1 GHz->1.8 GHz)
.......................................................................
Iteration/Trial #34:
  CurrentEF: 0.26396268772619
  Optimization variables:
    l1 = 29.6926
    l2 = 28.7718
    l3 = 29.2351
    l4 = 29.0808
    s1 = 500.184e-03
    s2 = 526.75e-03
    s3 = 500.044e-03
    s4 = 516.12e-03
    w1 = 500.162e-03
    w2 = 1.31722
    w3 = 1.31184
    w4 = 1.08619

SP Optim1[1].SP1[35] <2_lib:filter7:schematic>  optIter=35  freq=(1.1 GHz->1.8 GHz)
.......................................................................
Iteration/Trial #35:
  CurrentEF: 0.263962683723997
  Optimization variables:
    l1 = 29.6925
    l2 = 28.7719
    l3 = 29.2352
    l4 = 29.0807
    s1 = 500.184e-03
    s2 = 526.76e-03
    s3 = 500.044e-03
    s4 = 516.133e-03
    w1 = 500.162e-03
    w2 = 1.31718
    w3 = 1.31182
    w4 = 1.08619

SP Optim1[1].SP1[36] <2_lib:filter7:schematic>  optIter=36  freq=(1.1 GHz->1.8 GHz)
.......................................................................
Iteration/Trial #36:
  CurrentEF: 0.263962681385408
  Optimization variables:
    l1 = 29.6925
    l2 = 28.7721
    l3 = 29.2352
    l4 = 29.0806
    s1 = 500.184e-03
    s2 = 526.771e-03
    s3 = 500.044e-03
    s4 = 516.147e-03
    w1 = 500.162e-03
    w2 = 1.31715
    w3 = 1.3118
    w4 = 1.0862

SP Optim1[1].SP1[37] <2_lib:filter7:schematic>  optIter=37  freq=(1.1 GHz->1.8 GHz)
.......................................................................
Iteration/Trial #37:
  CurrentEF: 0.26396268133078
  Optimization variables:
    l1 = 29.6925
    l2 = 28.7722
    l3 = 29.2352
    l4 = 29.0805
    s1 = 500.183e-03
    s2 = 526.782e-03
    s3 = 500.045e-03
    s4 = 516.162e-03
    w1 = 500.161e-03
    w2 = 1.31711
    w3 = 1.31178
    w4 = 1.0862

SP Optim1[1].SP1[38] <2_lib:filter7:schematic>  optIter=38  freq=(1.1 GHz->1.8 GHz)
.......................................................................
Iteration/Trial #38:
  CurrentEF: 0.263962681274542
  Optimization variables:
    l1 = 29.6925
    l2 = 28.7722
    l3 = 29.2352
    l4 = 29.0804
    s1 = 500.183e-03
    s2 = 526.782e-03
    s3 = 500.045e-03
    s4 = 516.163e-03
    w1 = 500.161e-03
    w2 = 1.31711
    w3 = 1.31178
    w4 = 1.0862

SP Optim1[1].SP1[39] <2_lib:filter7:schematic>  optIter=39  freq=(1.1 GHz->1.8 GHz)
.......................................................................
Iteration/Trial #39:
  CurrentEF: 0.263962681031112
  Optimization variables:
    l1 = 29.6924
    l2 = 28.7722
    l3 = 29.2352
    l4 = 29.0804
    s1 = 500.183e-03
    s2 = 526.783e-03
    s3 = 500.045e-03
    s4 = 516.164e-03
    w1 = 500.161e-03
    w2 = 1.3171
    w3 = 1.31178
    w4 = 1.0862

SP Optim1[1].SP1[40] <2_lib:filter7:schematic>  optIter=40  freq=(1.1 GHz->1.8 GHz)
.......................................................................
Iteration/Trial #40:
  CurrentEF: 0.26396267563245
  Optimization variables:
    l1 = 29.6924
    l2 = 28.7724
    l3 = 29.2353
    l4 = 29.0803
    s1 = 500.183e-03
    s2 = 526.795e-03
    s3 = 500.045e-03
    s4 = 516.179e-03
    w1 = 500.161e-03
    w2 = 1.31706
    w3 = 1.31176
    w4 = 1.0862

SP Optim1[1].SP1[41] <2_lib:filter7:schematic>  optIter=41  freq=(1.1 GHz->1.8 GHz)
.......................................................................
Iteration/Trial #41:
  CurrentEF: 0.2639626753591
  Optimization variables:
    l1 = 29.6924
    l2 = 28.7724
    l3 = 29.2353
    l4 = 29.0803
    s1 = 500.183e-03
    s2 = 526.795e-03
    s3 = 500.045e-03
    s4 = 516.18e-03
    w1 = 500.161e-03
    w2 = 1.31706
    w3 = 1.31175
    w4 = 1.0862

SP Optim1[1].SP1[42] <2_lib:filter7:schematic>  optIter=42  freq=(1.1 GHz->1.8 GHz)
.......................................................................
Iteration/Trial #42:
  CurrentEF: 0.263962672242084
  Optimization variables:
    l1 = 29.6924
    l2 = 28.7725
    l3 = 29.2353
    l4 = 29.0801
    s1 = 500.183e-03
    s2 = 526.807e-03
    s3 = 500.046e-03
    s4 = 516.197e-03
    w1 = 500.161e-03
    w2 = 1.31702
    w3 = 1.31173
    w4 = 1.08621

SP Optim1[1].SP1[43] <2_lib:filter7:schematic>  optIter=43  freq=(1.1 GHz->1.8 GHz)
.......................................................................
Iteration/Trial #43:
  CurrentEF: 0.263962672138637
  Optimization variables:
    l1 = 29.6923
    l2 = 28.7725
    l3 = 29.2353
    l4 = 29.0801
    s1 = 500.183e-03
    s2 = 526.808e-03
    s3 = 500.046e-03
    s4 = 516.198e-03
    w1 = 500.161e-03
    w2 = 1.31701
    w3 = 1.31173
    w4 = 1.08621

SP Optim1[1].SP1[44] <2_lib:filter7:schematic>  optIter=44  freq=(1.1 GHz->1.8 GHz)
.......................................................................
Iteration/Trial #44:
  CurrentEF: 0.263962671960237
  Optimization variables:
    l1 = 29.6923
    l2 = 28.7726
    l3 = 29.2353
    l4 = 29.0801
    s1 = 500.183e-03
    s2 = 526.809e-03
    s3 = 500.046e-03
    s4 = 516.199e-03
    w1 = 500.161e-03
    w2 = 1.31701
    w3 = 1.31173
    w4 = 1.08621

SP Optim1[1].SP1[45] <2_lib:filter7:schematic>  optIter=45  freq=(1.1 GHz->1.8 GHz)
.......................................................................
Iteration/Trial #45:
  CurrentEF: 0.263962670328663
  Optimization variables:
    l1 = 29.6923
    l2 = 28.7727
    l3 = 29.2354
    l4 = 29.08
    s1 = 500.182e-03
    s2 = 526.822e-03
    s3 = 500.046e-03
    s4 = 516.217e-03
    w1 = 500.16e-03
    w2 = 1.31696
    w3 = 1.3117
    w4 = 1.08621

SP Optim1[1].SP1[46] <2_lib:filter7:schematic>  optIter=46  freq=(1.1 GHz->1.8 GHz)
.......................................................................
Iteration/Trial #46:
  CurrentEF: 0.263962670282696
  Optimization variables:
    l1 = 29.6923
    l2 = 28.7727
    l3 = 29.2354
    l4 = 29.08
    s1 = 500.182e-03
    s2 = 526.819e-03
    s3 = 500.046e-03
    s4 = 516.212e-03
    w1 = 500.16e-03
    w2 = 1.31698
    w3 = 1.31171
    w4 = 1.08621

SP Optim1[1].SP1[47] <2_lib:filter7:schematic>  optIter=47  freq=(1.1 GHz->1.8 GHz)
.......................................................................
Iteration/Trial #47:
  CurrentEF: 0.263962670282696
  Optimization variables:
    l1 = 29.6923
    l2 = 28.7727
    l3 = 29.2354
    l4 = 29.08
    s1 = 500.182e-03
    s2 = 526.819e-03
    s3 = 500.046e-03
    s4 = 516.212e-03
    w1 = 500.161e-03
    w2 = 1.31698
    w3 = 1.31171
    w4 = 1.08621

SP Optim1[1].SP1[48] <2_lib:filter7:schematic>  optIter=48  freq=(1.1 GHz->1.8 GHz)
.......................................................................
Iteration/Trial #48:
  CurrentEF: 0.263962670146256
  Optimization variables:
    l1 = 29.6923
    l2 = 28.7729
    l3 = 29.2354
    l4 = 29.0799
    s1 = 500.182e-03
    s2 = 526.832e-03
    s3 = 500.047e-03
    s4 = 516.23e-03
    w1 = 500.16e-03
    w2 = 1.31693
    w3 = 1.31168
    w4 = 1.08621

SP Optim1[1].SP1[49] <2_lib:filter7:schematic>  optIter=49  freq=(1.1 GHz->1.8 GHz)
.......................................................................
Iteration/Trial #49:
  CurrentEF: 0.263962669604999
  Optimization variables:
    l1 = 29.6923
    l2 = 28.7728
    l3 = 29.2354
    l4 = 29.0799
    s1 = 500.182e-03
    s2 = 526.828e-03
    s3 = 500.047e-03
    s4 = 516.226e-03
    w1 = 500.16e-03
    w2 = 1.31694
    w3 = 1.31169
    w4 = 1.08621

SP Optim1[1].SP1[50] <2_lib:filter7:schematic>  optIter=50  freq=(1.1 GHz->1.8 GHz)
.......................................................................
Iteration/Trial #50:
  CurrentEF: 0.263962669570514
  Optimization variables:
    l1 = 29.6923
    l2 = 28.7728
    l3 = 29.2354
    l4 = 29.0799
    s1 = 500.182e-03
    s2 = 526.829e-03
    s3 = 500.047e-03
    s4 = 516.227e-03
    w1 = 500.16e-03
    w2 = 1.31694
    w3 = 1.31169
    w4 = 1.08621

SP Optim1[1].SP1[51] <2_lib:filter7:schematic>  optIter=51  freq=(1.1 GHz->1.8 GHz)
.......................................................................
Iteration/Trial #51:
  CurrentEF: 0.263962669526926
  Optimization variables:
    l1 = 29.6923
    l2 = 28.7728
    l3 = 29.2354
    l4 = 29.0799
    s1 = 500.182e-03
    s2 = 526.83e-03
    s3 = 500.047e-03
    s4 = 516.228e-03
    w1 = 500.16e-03
    w2 = 1.31693
    w3 = 1.31168
    w4 = 1.08621

SP Optim1[1].SP1[52] <2_lib:filter7:schematic>  optIter=52  freq=(1.1 GHz->1.8 GHz)
.......................................................................
Iteration/Trial #52:
  CurrentEF: 0.263962669379186
  Optimization variables:
    l1 = 29.6923
    l2 = 28.7728
    l3 = 29.2354
    l4 = 29.0799
    s1 = 500.182e-03
    s2 = 526.831e-03
    s3 = 500.047e-03
    s4 = 516.229e-03
    w1 = 500.16e-03
    w2 = 1.31693
    w3 = 1.31168
    w4 = 1.08621

SP Optim1[1].SP1[53] <2_lib:filter7:schematic>  optIter=53  freq=(1.1 GHz->1.8 GHz)
.......................................................................
Iteration/Trial #53:
  CurrentEF: 0.26396266926541
  Optimization variables:
    l1 = 29.6923
    l2 = 28.7729
    l3 = 29.2354
    l4 = 29.0799
    s1 = 500.182e-03
    s2 = 526.832e-03
    s3 = 500.047e-03
    s4 = 516.231e-03
    w1 = 500.16e-03
    w2 = 1.31693
    w3 = 1.31168
    w4 = 1.08621

SP Optim1[1].SP1[54] <2_lib:filter7:schematic>  optIter=54  freq=(1.1 GHz->1.8 GHz)
.......................................................................
Iteration/Trial #54:
  CurrentEF: 0.263962669171296
  Optimization variables:
    l1 = 29.6923
    l2 = 28.7729
    l3 = 29.2354
    l4 = 29.0798
    s1 = 500.182e-03
    s2 = 526.833e-03
    s3 = 500.047e-03
    s4 = 516.232e-03
    w1 = 500.16e-03
    w2 = 1.31692
    w3 = 1.31168
    w4 = 1.08621

SP Optim1[1].SP1[55] <2_lib:filter7:schematic>  optIter=55  freq=(1.1 GHz->1.8 GHz)
.......................................................................
Iteration/Trial #55:
  CurrentEF: 0.263962669045702
  Optimization variables:
    l1 = 29.6922
    l2 = 28.7729
    l3 = 29.2354
    l4 = 29.0798
    s1 = 500.182e-03
    s2 = 526.834e-03
    s3 = 500.047e-03
    s4 = 516.233e-03
    w1 = 500.16e-03
    w2 = 1.31692
    w3 = 1.31168
    w4 = 1.08621

SP Optim1[1].SP1[56] <2_lib:filter7:schematic>  optIter=56  freq=(1.1 GHz->1.8 GHz)
.......................................................................
Iteration/Trial #56:
  CurrentEF: 0.263962668688725
  Optimization variables:
    l1 = 29.6922
    l2 = 28.7729
    l3 = 29.2354
    l4 = 29.0798
    s1 = 500.182e-03
    s2 = 526.836e-03
    s3 = 500.047e-03
    s4 = 516.237e-03
    w1 = 500.16e-03
    w2 = 1.31691
    w3 = 1.31167
    w4 = 1.08621

SP Optim1[1].SP1[57] <2_lib:filter7:schematic>  optIter=57  freq=(1.1 GHz->1.8 GHz)
.......................................................................
Iteration/Trial #57:
  CurrentEF: 0.263962668623454
  Optimization variables:
    l1 = 29.6922
    l2 = 28.7729
    l3 = 29.2354
    l4 = 29.0798
    s1 = 500.182e-03
    s2 = 526.837e-03
    s3 = 500.047e-03
    s4 = 516.238e-03
    w1 = 500.16e-03
    w2 = 1.31691
    w3 = 1.31167
    w4 = 1.08621

SP Optim1[1].SP1[58] <2_lib:filter7:schematic>  optIter=58  freq=(1.1 GHz->1.8 GHz)
.......................................................................
Iteration/Trial #58:
  CurrentEF: 0.263962668623454
  Optimization variables:
    l1 = 29.6922
    l2 = 28.7729
    l3 = 29.2354
    l4 = 29.0798
    s1 = 500.182e-03
    s2 = 526.837e-03
    s3 = 500.047e-03
    s4 = 516.238e-03
    w1 = 500.16e-03
    w2 = 1.31691
    w3 = 1.31167
    w4 = 1.08621

SP Optim1[1].SP1[59] <2_lib:filter7:schematic>  optIter=59  freq=(1.1 GHz->1.8 GHz)
.......................................................................
Iteration/Trial #59:
  CurrentEF: 0.263962668501133
  Optimization variables:
    l1 = 29.6922
    l2 = 28.773
    l3 = 29.2354
    l4 = 29.0798
    s1 = 500.182e-03
    s2 = 526.839e-03
    s3 = 500.047e-03
    s4 = 516.241e-03
    w1 = 500.16e-03
    w2 = 1.3169
    w3 = 1.31166
    w4 = 1.08621

SP Optim1[1].SP1[60] <2_lib:filter7:schematic>  optIter=60  freq=(1.1 GHz->1.8 GHz)
.......................................................................
Iteration/Trial #60:
  CurrentEF: 0.263962668501133
  Optimization variables:
    l1 = 29.6922
    l2 = 28.773
    l3 = 29.2354
    l4 = 29.0798
    s1 = 500.182e-03
    s2 = 526.839e-03
    s3 = 500.047e-03
    s4 = 516.241e-03
    w1 = 500.16e-03
    w2 = 1.3169
    w3 = 1.31166
    w4 = 1.08621

SP Optim1[1].SP1[61] <2_lib:filter7:schematic>  optIter=61  freq=(1.1 GHz->1.8 GHz)
.......................................................................
Iteration/Trial #61:
  CurrentEF: 0.263962668501133
  Optimization variables:
    l1 = 29.6922
    l2 = 28.773
    l3 = 29.2354
    l4 = 29.0798
    s1 = 500.182e-03
    s2 = 526.839e-03
    s3 = 500.047e-03
    s4 = 516.241e-03
    w1 = 500.16e-03
    w2 = 1.3169
    w3 = 1.31166
    w4 = 1.08621

SP Optim1[1].SP1[62] <2_lib:filter7:schematic>  optIter=62  freq=(1.1 GHz->1.8 GHz)
.......................................................................
Iteration/Trial #62:
  CurrentEF: 0.263962668463846
  Optimization variables:
    l1 = 29.6922
    l2 = 28.773
    l3 = 29.2354
    l4 = 29.0798
    s1 = 500.182e-03
    s2 = 526.839e-03
    s3 = 500.047e-03
    s4 = 516.241e-03
    w1 = 500.16e-03
    w2 = 1.3169
    w3 = 1.31166
    w4 = 1.08621

SP Optim1[1].SP1[63] <2_lib:filter7:schematic>  optIter=63  freq=(1.1 GHz->1.8 GHz)
.......................................................................
Iteration/Trial #63:
  CurrentEF: 0.263962668426467
  Optimization variables:
    l1 = 29.6922
    l2 = 28.773
    l3 = 29.2354
    l4 = 29.0797
    s1 = 500.182e-03
    s2 = 526.84e-03
    s3 = 500.047e-03
    s4 = 516.242e-03
    w1 = 500.16e-03
    w2 = 1.3169
    w3 = 1.31166
    w4 = 1.08621

SP Optim1[1].SP1[64] <2_lib:filter7:schematic>  optIter=64  freq=(1.1 GHz->1.8 GHz)
.......................................................................
Iteration/Trial #64:
  CurrentEF: 0.263962668426467
  Optimization variables:
    l1 = 29.6922
    l2 = 28.773
    l3 = 29.2354
    l4 = 29.0797
    s1 = 500.182e-03
    s2 = 526.84e-03
    s3 = 500.047e-03
    s4 = 516.242e-03
    w1 = 500.16e-03
    w2 = 1.3169
    w3 = 1.31166
    w4 = 1.08621

SP Optim1[1].SP1[65] <2_lib:filter7:schematic>  optIter=65  freq=(1.1 GHz->1.8 GHz)
.......................................................................
Iteration/Trial #65:
  CurrentEF: 0.263962668406295
  Optimization variables:
    l1 = 29.6922
    l2 = 28.7729
    l3 = 29.2354
    l4 = 29.0798
    s1 = 500.182e-03
    s2 = 526.838e-03
    s3 = 500.047e-03
    s4 = 516.24e-03
    w1 = 500.16e-03
    w2 = 1.3169
    w3 = 1.31166
    w4 = 1.08621

SP Optim1[1].SP1[66] <2_lib:filter7:schematic>  optIter=66  freq=(1.1 GHz->1.8 GHz)
.......................................................................
Iteration/Trial #66:
  CurrentEF: 0.26396266837463
  Optimization variables:
    l1 = 29.6922
    l2 = 28.773
    l3 = 29.2354
    l4 = 29.0798
    s1 = 500.182e-03
    s2 = 526.839e-03
    s3 = 500.047e-03
    s4 = 516.241e-03
    w1 = 500.16e-03
    w2 = 1.3169
    w3 = 1.31166
    w4 = 1.08621

SP Optim1[1].SP1[67] <2_lib:filter7:schematic>  optIter=67  freq=(1.1 GHz->1.8 GHz)
.......................................................................
Iteration/Trial #67:
  CurrentEF: 0.26396266837463
  Optimization variables:
    l1 = 29.6922
    l2 = 28.773
    l3 = 29.2354
    l4 = 29.0798
    s1 = 500.182e-03
    s2 = 526.839e-03
    s3 = 500.047e-03
    s4 = 516.241e-03
    w1 = 500.16e-03
    w2 = 1.3169
    w3 = 1.31166
    w4 = 1.08621

SP Optim1[1].SP1[68] <2_lib:filter7:schematic>  optIter=68  freq=(1.1 GHz->1.8 GHz)
.......................................................................
Iteration/Trial #68:
  CurrentEF: 0.263962668329031
  Optimization variables:
    l1 = 29.6922
    l2 = 28.773
    l3 = 29.2354
    l4 = 29.0798
    s1 = 500.182e-03
    s2 = 526.84e-03
    s3 = 500.047e-03
    s4 = 516.242e-03
    w1 = 500.16e-03
    w2 = 1.3169
    w3 = 1.31166
    w4 = 1.08621

SP Optim1[1].SP1[69] <2_lib:filter7:schematic>  optIter=69  freq=(1.1 GHz->1.8 GHz)
.......................................................................
Iteration/Trial #69:
  CurrentEF: 0.263962668294293
  Optimization variables:
    l1 = 29.6922
    l2 = 28.773
    l3 = 29.2354
    l4 = 29.0797
    s1 = 500.182e-03
    s2 = 526.841e-03
    s3 = 500.047e-03
    s4 = 516.243e-03
    w1 = 500.16e-03
    w2 = 1.31689
    w3 = 1.31166
    w4 = 1.08621

SP Optim1[1].SP1[70] <2_lib:filter7:schematic>  optIter=70  freq=(1.1 GHz->1.8 GHz)
.......................................................................
Iteration/Trial #70:
  CurrentEF: 0.263962668278052
  Optimization variables:
    l1 = 29.6922
    l2 = 28.773
    l3 = 29.2354
    l4 = 29.0797
    s1 = 500.182e-03
    s2 = 526.84e-03
    s3 = 500.047e-03
    s4 = 516.242e-03
    w1 = 500.16e-03
    w2 = 1.3169
    w3 = 1.31166
    w4 = 1.08621

SP Optim1[1].SP1[71] <2_lib:filter7:schematic>  optIter=71  freq=(1.1 GHz->1.8 GHz)
.......................................................................
Iteration/Trial #71:
  CurrentEF: 0.263962668270789
  Optimization variables:
    l1 = 29.6922
    l2 = 28.773
    l3 = 29.2354
    l4 = 29.0797
    s1 = 500.182e-03
    s2 = 526.841e-03
    s3 = 500.047e-03
    s4 = 516.244e-03
    w1 = 500.16e-03
    w2 = 1.31689
    w3 = 1.31166
    w4 = 1.0862

SP Optim1[1].SP1[72] <2_lib:filter7:schematic>  optIter=72  freq=(1.1 GHz->1.8 GHz)
.......................................................................
Iteration/Trial #72:
  CurrentEF: 0.263962668221115
  Optimization variables:
    l1 = 29.6922
    l2 = 28.773
    l3 = 29.2355
    l4 = 29.0797
    s1 = 500.182e-03
    s2 = 526.842e-03
    s3 = 500.047e-03
    s4 = 516.245e-03
    w1 = 500.16e-03
    w2 = 1.31689
    w3 = 1.31166
    w4 = 1.0862

SP Optim1[1].SP1[73] <2_lib:filter7:schematic>  optIter=73  freq=(1.1 GHz->1.8 GHz)
.......................................................................
Iteration/Trial #73:
  CurrentEF: 0.263962668217844
  Optimization variables:
    l1 = 29.6922
    l2 = 28.7729
    l3 = 29.2354
    l4 = 29.0798
    s1 = 500.182e-03
    s2 = 526.838e-03
    s3 = 500.047e-03
    s4 = 516.239e-03
    w1 = 500.16e-03
    w2 = 1.31691
    w3 = 1.31167
    w4 = 1.08621

SP Optim1[1].SP1[74] <2_lib:filter7:schematic>  optIter=74  freq=(1.1 GHz->1.8 GHz)
.......................................................................
Iteration/Trial #74:
  CurrentEF: 0.263962668024735
  Optimization variables:
    l1 = 29.6922
    l2 = 28.773
    l3 = 29.2354
    l4 = 29.0797
    s1 = 500.182e-03
    s2 = 526.841e-03
    s3 = 500.047e-03
    s4 = 516.244e-03
    w1 = 500.16e-03
    w2 = 1.31689
    w3 = 1.31166
    w4 = 1.0862

SP Optim1[1].SP1[75] <2_lib:filter7:schematic>  optIter=75  freq=(1.1 GHz->1.8 GHz)
.......................................................................
Iteration/Trial #75:
  CurrentEF: 0.263962668024735
  Optimization variables:
    l1 = 29.6922
    l2 = 28.773
    l3 = 29.2354
    l4 = 29.0797
    s1 = 500.182e-03
    s2 = 526.841e-03
    s3 = 500.047e-03
    s4 = 516.244e-03
    w1 = 500.16e-03
    w2 = 1.31689
    w3 = 1.31166
    w4 = 1.0862

SP Optim1[1].SP1[76] <2_lib:filter7:schematic>  optIter=76  freq=(1.1 GHz->1.8 GHz)
.......................................................................
Iteration/Trial #76:
  CurrentEF: 0.263962667819701
  Optimization variables:
    l1 = 29.6922
    l2 = 28.773
    l3 = 29.2355
    l4 = 29.0797
    s1 = 500.182e-03
    s2 = 526.843e-03
    s3 = 500.047e-03
    s4 = 516.247e-03
    w1 = 500.16e-03
    w2 = 1.31688
    w3 = 1.31165
    w4 = 1.0862

SP Optim1[1].SP1[77] <2_lib:filter7:schematic>  optIter=77  freq=(1.1 GHz->1.8 GHz)
.......................................................................
Iteration/Trial #77:
  CurrentEF: 0.263962667756704
  Optimization variables:
    l1 = 29.6922
    l2 = 28.773
    l3 = 29.2355
    l4 = 29.0797
    s1 = 500.182e-03
    s2 = 526.842e-03
    s3 = 500.047e-03
    s4 = 516.246e-03
    w1 = 500.16e-03
    w2 = 1.31689
    w3 = 1.31165
    w4 = 1.0862

SP Optim1[1].SP1[78] <2_lib:filter7:schematic>  optIter=78  freq=(1.1 GHz->1.8 GHz)
.......................................................................
Iteration/Trial #78:
  CurrentEF: 0.263962667503618
  Optimization variables:
    l1 = 29.6922
    l2 = 28.7729
    l3 = 29.2354
    l4 = 29.0798
    s1 = 500.182e-03
    s2 = 526.838e-03
    s3 = 500.047e-03
    s4 = 516.24e-03
    w1 = 500.16e-03
    w2 = 1.3169
    w3 = 1.31166
    w4 = 1.08621

SP Optim1[1].SP1[79] <2_lib:filter7:schematic>  optIter=79  freq=(1.1 GHz->1.8 GHz)
.......................................................................
Iteration/Trial #79:
  CurrentEF: 0.263962667440696
  Optimization variables:
    l1 = 29.6922
    l2 = 28.773
    l3 = 29.2354
    l4 = 29.0798
    s1 = 500.182e-03
    s2 = 526.839e-03
    s3 = 500.047e-03
    s4 = 516.241e-03
    w1 = 500.16e-03
    w2 = 1.3169
    w3 = 1.31166
    w4 = 1.08621

SP Optim1[1].SP1[80] <2_lib:filter7:schematic>  optIter=80  freq=(1.1 GHz->1.8 GHz)
.......................................................................
Iteration/Trial #80:
  CurrentEF: 0.263962667414894
  Optimization variables:
    l1 = 29.6922
    l2 = 28.773
    l3 = 29.2354
    l4 = 29.0797
    s1 = 500.182e-03
    s2 = 526.84e-03
    s3 = 500.047e-03
    s4 = 516.243e-03
    w1 = 500.16e-03
    w2 = 1.3169
    w3 = 1.31166
    w4 = 1.08621

SP Optim1[1].SP1[81] <2_lib:filter7:schematic>  optIter=81  freq=(1.1 GHz->1.8 GHz)
.......................................................................
Iteration/Trial #81:
  CurrentEF: 0.263962667340544
  Optimization variables:
    l1 = 29.6922
    l2 = 28.7729
    l3 = 29.2354
    l4 = 29.0798
    s1 = 500.182e-03
    s2 = 526.836e-03
    s3 = 500.047e-03
    s4 = 516.237e-03
    w1 = 500.16e-03
    w2 = 1.31691
    w3 = 1.31167
    w4 = 1.08621

SP Optim1[1].SP1[82] <2_lib:filter7:schematic>  optIter=82  freq=(1.1 GHz->1.8 GHz)
.......................................................................
Iteration/Trial #82:
  CurrentEF: 0.263962667193434
  Optimization variables:
    l1 = 29.6922
    l2 = 28.773
    l3 = 29.2354
    l4 = 29.0798
    s1 = 500.182e-03
    s2 = 526.839e-03
    s3 = 500.047e-03
    s4 = 516.241e-03
    w1 = 500.16e-03
    w2 = 1.3169
    w3 = 1.31166
    w4 = 1.08621

SP Optim1[1].SP1[83] <2_lib:filter7:schematic>  optIter=83  freq=(1.1 GHz->1.8 GHz)
.......................................................................
Iteration/Trial #83:
  CurrentEF: 0.263962667168635
  Optimization variables:
    l1 = 29.6922
    l2 = 28.7729
    l3 = 29.2354
    l4 = 29.0798
    s1 = 500.182e-03
    s2 = 526.839e-03
    s3 = 500.047e-03
    s4 = 516.24e-03
    w1 = 500.16e-03
    w2 = 1.3169
    w3 = 1.31166
    w4 = 1.08621

SP Optim1[1].SP1[84] <2_lib:filter7:schematic>  optIter=84  freq=(1.1 GHz->1.8 GHz)
.......................................................................
Iteration/Trial #84:
  CurrentEF: 0.263962667101392
  Optimization variables:
    l1 = 29.6922
    l2 = 28.7729
    l3 = 29.2354
    l4 = 29.0798
    s1 = 500.182e-03
    s2 = 526.838e-03
    s3 = 500.047e-03
    s4 = 516.239e-03
    w1 = 500.16e-03
    w2 = 1.31691
    w3 = 1.31167
    w4 = 1.08621

SP Optim1[1].SP1[85] <2_lib:filter7:schematic>  optIter=85  freq=(1.1 GHz->1.8 GHz)
.......................................................................
Iteration/Trial #85:
  CurrentEF: 0.263962667101392
  Optimization variables:
    l1 = 29.6922
    l2 = 28.7729
    l3 = 29.2354
    l4 = 29.0798
    s1 = 500.182e-03
    s2 = 526.838e-03
    s3 = 500.047e-03
    s4 = 516.239e-03
    w1 = 500.16e-03
    w2 = 1.31691
    w3 = 1.31167
    w4 = 1.08621

SP Optim1[1].SP1[86] <2_lib:filter7:schematic>  optIter=86  freq=(1.1 GHz->1.8 GHz)
.......................................................................
Iteration/Trial #86:
  CurrentEF: 0.263962666868497
  Optimization variables:
    l1 = 29.6922
    l2 = 28.773
    l3 = 29.2354
    l4 = 29.0797
    s1 = 500.182e-03
    s2 = 526.84e-03
    s3 = 500.047e-03
    s4 = 516.242e-03
    w1 = 500.16e-03
    w2 = 1.3169
    w3 = 1.31166
    w4 = 1.08621

SP Optim1[1].SP1[87] <2_lib:filter7:schematic>  optIter=87  freq=(1.1 GHz->1.8 GHz)
.......................................................................
Iteration/Trial #87:
  CurrentEF: 0.263962666851588
  Optimization variables:
    l1 = 29.6922
    l2 = 28.773
    l3 = 29.2354
    l4 = 29.0798
    s1 = 500.182e-03
    s2 = 526.839e-03
    s3 = 500.047e-03
    s4 = 516.241e-03
    w1 = 500.16e-03
    w2 = 1.3169
    w3 = 1.31166
    w4 = 1.08621

SP Optim1[1].SP1[88] <2_lib:filter7:schematic>  optIter=88  freq=(1.1 GHz->1.8 GHz)
.......................................................................
Iteration/Trial #88:
  CurrentEF: 0.263962666800027
  Optimization variables:
    l1 = 29.6922
    l2 = 28.773
    l3 = 29.2354
    l4 = 29.0797
    s1 = 500.182e-03
    s2 = 526.84e-03
    s3 = 500.047e-03
    s4 = 516.243e-03
    w1 = 500.16e-03
    w2 = 1.3169
    w3 = 1.31166
    w4 = 1.0862

SP Optim1[1].SP1[89] <2_lib:filter7:schematic>  optIter=89  freq=(1.1 GHz->1.8 GHz)
.......................................................................
Iteration/Trial #89:
  CurrentEF: 0.263962666798178
  Optimization variables:
    l1 = 29.6922
    l2 = 28.773
    l3 = 29.2354
    l4 = 29.0798
    s1 = 500.182e-03
    s2 = 526.84e-03
    s3 = 500.047e-03
    s4 = 516.242e-03
    w1 = 500.16e-03
    w2 = 1.3169
    w3 = 1.31166
    w4 = 1.08621

SP Optim1[1].SP1[90] <2_lib:filter7:schematic>  optIter=90  freq=(1.1 GHz->1.8 GHz)
.......................................................................
Iteration/Trial #90:
  CurrentEF: 0.263962666793013
  Optimization variables:
    l1 = 29.6922
    l2 = 28.773
    l3 = 29.2354
    l4 = 29.0797
    s1 = 500.182e-03
    s2 = 526.841e-03
    s3 = 500.047e-03
    s4 = 516.243e-03
    w1 = 500.16e-03
    w2 = 1.31689
    w3 = 1.31166
    w4 = 1.0862

SP Optim1[1].SP1[91] <2_lib:filter7:schematic>  optIter=91  freq=(1.1 GHz->1.8 GHz)
.......................................................................
Iteration/Trial #91:
  CurrentEF: 0.263962666793013
  Optimization variables:
    l1 = 29.6922
    l2 = 28.773
    l3 = 29.2354
    l4 = 29.0797
    s1 = 500.182e-03
    s2 = 526.841e-03
    s3 = 500.047e-03
    s4 = 516.243e-03
    w1 = 500.16e-03
    w2 = 1.31689
    w3 = 1.31166
    w4 = 1.0862

SP Optim1[1].SP1[92] <2_lib:filter7:schematic>  optIter=92  freq=(1.1 GHz->1.8 GHz)
.......................................................................
Iteration/Trial #92:
  CurrentEF: 0.263962666793013
  Optimization variables:
    l1 = 29.6922
    l2 = 28.773
    l3 = 29.2354
    l4 = 29.0797
    s1 = 500.182e-03
    s2 = 526.841e-03
    s3 = 500.047e-03
    s4 = 516.243e-03
    w1 = 500.16e-03
    w2 = 1.31689
    w3 = 1.31166
    w4 = 1.0862

SP Optim1[1].SP1[93] <2_lib:filter7:schematic>  optIter=93  freq=(1.1 GHz->1.8 GHz)
.......................................................................

Flushing data buffers for abort ... please wait ...
... (this could take up to several minutes, depending on simulation size) ...

Resource usage:
  Total stopwatch time     =    40.19 seconds.

